<?xml version="1.0" encoding="UTF-8"?>
<!-- Generated by org.testng.reporters.JUnitReportReporter -->
<testsuite hostname="WS324" name="Demo.testcase" tests="1" failures="0" timestamp="15 Oct 2020 11:08:06 GMT" time="50.413" errors="0">
  <testcase name="samsungS20price" time="50.413" classname="Demo.testcase"/>
</testsuite> <!-- Demo.testcase -->
